[dotenv] Set [36mDEVISE_JWT_SECRET_KEY[0m, [36mGOOGLE_CLIENT_ID[0m, [36mGOOGLE_CLIENT_SECRET[0m, and [36mGEMINI_API_KEY[0m
[dotenv] Loaded [33m.env[0m
[dotenv] Loaded [33m.env[0m
Started GET "/api/profile" for 127.0.0.1 at 2025-09-14 13:14:55 -0300
  [1m[36mActiveRecord::SchemaMigration Load (1.0ms)[0m  [1m[34mSELECT "schema_migrations"."version" FROM "schema_migrations" ORDER BY "schema_migrations"."version" ASC /*application='Backend'*/[0m
Processing by Api::ProfileController#show as JSON
  Parameters: {"profile"=>{}}
  [1m[36mUser Load (1.3ms)[0m  [1m[34mSELECT "users".* FROM "users" WHERE "users"."id" = 4 LIMIT 1 /*action='show',application='Backend',controller='profile'*/[0m
  [1m[36mJwtDenylist Exists? (2.7ms)[0m  [1m[34mSELECT 1 AS one FROM "jwt_denylists" WHERE "jwt_denylists"."jti" = 'b0c469d2-d1fc-4ac2-accb-cbbdb80c2a50' LIMIT 1 /*action='show',application='Backend',controller='profile'*/[0m
Completed 200 OK in 98ms (Views: 0.5ms | ActiveRecord: 41.1ms (2 queries, 0 cached) | GC: 0.0ms)


Started GET "/api/profile" for 127.0.0.1 at 2025-09-14 13:14:55 -0300
Processing by Api::ProfileController#show as JSON
  Parameters: {"profile"=>{}}
  [1m[36mUser Load (0.6ms)[0m  [1m[34mSELECT "users".* FROM "users" WHERE "users"."id" = 4 LIMIT 1 /*action='show',application='Backend',controller='profile'*/[0m
  [1m[36mJwtDenylist Exists? (0.4ms)[0m  [1m[34mSELECT 1 AS one FROM "jwt_denylists" WHERE "jwt_denylists"."jti" = 'b0c469d2-d1fc-4ac2-accb-cbbdb80c2a50' LIMIT 1 /*action='show',application='Backend',controller='profile'*/[0m
Completed 200 OK in 17ms (Views: 0.1ms | ActiveRecord: 0.7ms (2 queries, 0 cached) | GC: 0.0ms)


Started GET "/api/profile" for 127.0.0.1 at 2025-09-14 13:27:43 -0300
Processing by Api::ProfileController#show as JSON
  Parameters: {"profile"=>{}}
  [1m[36mUser Load (32.7ms)[0m  [1m[34mSELECT "users".* FROM "users" WHERE "users"."id" = 4 LIMIT 1 /*action='show',application='Backend',controller='profile'*/[0m
  [1m[36mJwtDenylist Exists? (1.0ms)[0m  [1m[34mSELECT 1 AS one FROM "jwt_denylists" WHERE "jwt_denylists"."jti" = 'b0c469d2-d1fc-4ac2-accb-cbbdb80c2a50' LIMIT 1 /*action='show',application='Backend',controller='profile'*/[0m
Completed 200 OK in 65ms (Views: 2.3ms | ActiveRecord: 39.8ms (2 queries, 0 cached) | GC: 0.0ms)


Started GET "/api/profile" for 127.0.0.1 at 2025-09-14 13:27:43 -0300
Processing by Api::ProfileController#show as JSON
  Parameters: {"profile"=>{}}
  [1m[36mUser Load (0.4ms)[0m  [1m[34mSELECT "users".* FROM "users" WHERE "users"."id" = 4 LIMIT 1 /*action='show',application='Backend',controller='profile'*/[0m
  [1m[36mJwtDenylist Exists? (2.1ms)[0m  [1m[34mSELECT 1 AS one FROM "jwt_denylists" WHERE "jwt_denylists"."jti" = 'b0c469d2-d1fc-4ac2-accb-cbbdb80c2a50' LIMIT 1 /*action='show',application='Backend',controller='profile'*/[0m
Completed 200 OK in 14ms (Views: 0.1ms | ActiveRecord: 2.5ms (2 queries, 0 cached) | GC: 0.0ms)


